Removed Pin From Net: NetName=PIN22 Pin=ADCL-4
Removed Pin From Net: NetName=PIN23 Pin=ADCL-5
Removed Pin From Net: NetName=PIN24 Pin=ADCL-6
Removed Pin From Net: NetName=GND Pin=C28-2
Removed Pin From Net: NetName=+5V Pin=C36-1
Removed Pin From Net: NetName=GND Pin=C36-2
Removed Pin From Net: NetName=+3V3 Pin=C37-1
Removed Pin From Net: NetName=GND Pin=C37-2
Removed Pin From Net: NetName=GND Pin=C38-2
Removed Pin From Net: NetName=GND Pin=C39-1
Removed Pin From Net: NetName=GND Pin=C40-1
Removed Pin From Net: NetName=GND Pin=IC6-3
Removed Pin From Net: NetName=+5V Pin=IC6-4
Removed Pin From Net: NetName=TX Pin=IC6-8
Removed Pin From Net: NetName=ERASE_CMD Pin=IC6-23
Removed Pin From Net: NetName=GND Pin=IC6-28
Removed Pin From Net: NetName=+5V Pin=IC6-32
Removed Pin From Net: NetName=GND Pin=IC6-33
Removed Pin From Net: NetName=GND Pin=IC10-1
Removed Pin From Net: NetName=GND Pin=IC10-3
Removed Pin From Net: NetName=RX Pin=IC10-4
Removed Pin From Net: NetName=+3V3 Pin=IC10-5
Removed Pin From Net: NetName=GND Pin=J3-P5
Removed Pin From Net: NetName=GND Pin=J3-P$1
Removed Pin From Net: NetName=GND Pin=J3-P$2
Removed Pin From Net: NetName=GND Pin=J3-P$3
Removed Pin From Net: NetName=GND Pin=J3-P$4
Removed Pin From Net: NetName=GND Pin=J3-P$5
Removed Pin From Net: NetName=GND Pin=J3-P$6
Removed Pin From Net: NetName=GND Pin=J3-P$7
Removed Pin From Net: NetName=GND Pin=J3-P$8
Removed Pin From Net: NetName=GND Pin=J3-S1
Removed Pin From Net: NetName=GND Pin=J3-S2
Removed Pin From Net: NetName=GND Pin=J3-S3
Removed Pin From Net: NetName=GND Pin=J3-S4
Removed Pin From Net: NetName=GND Pin=J3-S5
Removed Pin From Net: NetName=GND Pin=J3-S6
Removed Pin From Net: NetName=+5V Pin=R14-1
Removed Pin From Net: NetName=+5V Pin=R15-1
Removed Pin From Net: NetName=GND Pin=R18-2
Removed Pin From Net: NetName=USBVCC Pin=R21-2
Removed Pin From Net: NetName=MASTER-RESET Pin=R23-2
Removed Pin From Net: NetName=+5V Pin=T2-2
Removed Pin From Net: NetName=GND Pin=T2-3
Removed Pin From Net: NetName=GND Pin=Y4-2
Removed Pin From Net: NetName=GND Pin=Y4-4
Removed Pin From Net: NetName=GND Pin=Z3-1
Removed Pin From Net: NetName=GND Pin=Z4-1
Added Pin To Net: NetName=PIN46 Pin=ADCL-4
Added Pin To Net: NetName=PIN47 Pin=ADCL-5
Added Pin To Net: NetName=PIN48 Pin=ADCL-6
